{
  "stats": {
    "suites": 6,
    "tests": 12,
    "passes": 10,
    "pending": 2,
    "failures": 0,
    "start": "2026-02-19T18:46:57.834Z",
    "end": "2026-02-19T18:47:31.133Z",
    "duration": 33299,
    "testsRegistered": 12,
    "passPercent": 100,
    "pendingPercent": 16.666666666666664,
    "other": 0,
    "hasOther": false,
    "skipped": 0,
    "hasSkipped": false
  },
  "results": [
    {
      "uuid": "f7cd6b06-5200-4226-b668-4d3a28bd06fb",
      "title": "",
      "fullFile": "",
      "file": "",
      "beforeHooks": [
        {
          "title": "\"before each\" hook in \"{root}\"",
          "fullTitle": "\"before each\" hook in \"{root}\"",
          "timedOut": false,
          "duration": 438,
          "state": null,
          "speed": null,
          "pass": false,
          "fail": false,
          "pending": false,
          "context": null,
          "code": "token = await spec()\n  .post('/public/authUser')\n  .withJson({\n    email: 'admin@admin.com',\n    password: 'admin123'\n  })\n  .returns('data.token');",
          "err": {},
          "uuid": "498d735a-8122-478e-af7a-348588d18e99",
          "parentUUID": "f7cd6b06-5200-4226-b668-4d3a28bd06fb",
          "isHook": true,
          "skipped": false
        },
        {
          "title": "\"before each\" hook in \"{root}\"",
          "fullTitle": "\"before each\" hook in \"{root}\"",
          "timedOut": false,
          "duration": 420,
          "state": null,
          "speed": null,
          "pass": false,
          "fail": false,
          "pending": false,
          "context": null,
          "code": "token = await spec()\n  .post('/public/authUser')\n  .withJson({ email: 'admin@admin.com', password: 'admin123' })\n  .returns('data.token');",
          "err": {},
          "uuid": "912b7374-7928-4f3c-a23e-9957782c9281",
          "parentUUID": "f7cd6b06-5200-4226-b668-4d3a28bd06fb",
          "isHook": true,
          "skipped": false
        },
        {
          "title": "\"before each\" hook in \"{root}\"",
          "fullTitle": "\"before each\" hook in \"{root}\"",
          "timedOut": false,
          "duration": 416,
          "state": null,
          "speed": null,
          "pass": false,
          "fail": false,
          "pending": false,
          "context": null,
          "code": "token = await spec()\n  .post('/public/authUser')\n  .withJson({ email: 'admin@admin.com', password: 'admin123' })\n  .returns('data.token');",
          "err": {},
          "uuid": "3a22f36f-54d3-42f0-a7f7-ab82d79e6ad3",
          "parentUUID": "f7cd6b06-5200-4226-b668-4d3a28bd06fb",
          "isHook": true,
          "skipped": false
        },
        {
          "title": "\"before each\" hook in \"{root}\"",
          "fullTitle": "\"before each\" hook in \"{root}\"",
          "timedOut": false,
          "duration": 420,
          "state": null,
          "speed": null,
          "pass": false,
          "fail": false,
          "pending": false,
          "context": null,
          "code": "token = await spec()\n  .post('/public/authUser')\n  .withJson({\n    email: 'admin@admin.com',\n    password: 'admin123'\n  })\n  .returns('data.token');",
          "err": {},
          "uuid": "0cd4b5e0-4db2-404a-8386-e63794a0423c",
          "parentUUID": "f7cd6b06-5200-4226-b668-4d3a28bd06fb",
          "isHook": true,
          "skipped": false
        },
        {
          "title": "\"before each\" hook in \"{root}\"",
          "fullTitle": "\"before each\" hook in \"{root}\"",
          "timedOut": false,
          "duration": 433,
          "state": null,
          "speed": null,
          "pass": false,
          "fail": false,
          "pending": false,
          "context": null,
          "code": "token = await spec()\n  .post('/public/authUser')\n  .withJson({\n    email: 'admin@admin.com',\n    password: 'admin123'\n  })\n  .returns('data.token');",
          "err": {},
          "uuid": "a8c546f5-9c2c-4781-bfc5-2d32dea24f63",
          "parentUUID": "f7cd6b06-5200-4226-b668-4d3a28bd06fb",
          "isHook": true,
          "skipped": false
        },
        {
          "title": "\"before each\" hook in \"{root}\"",
          "fullTitle": "\"before each\" hook in \"{root}\"",
          "timedOut": false,
          "duration": 455,
          "state": null,
          "speed": null,
          "pass": false,
          "fail": false,
          "pending": false,
          "context": null,
          "code": "token = await spec()\n  .post('http://lojaebac.ebaconline.art.br/graphql')\n  .withGraphQLQuery(`\n    mutation AuthUser($email: String, $password: String) {\n      authUser(email: $email, password: $password) {\n        success\n        token\n      }\n    }\n  `)\n  .withGraphQLVariables({\n    email: 'admin@admin.com',\n    password: 'admin123'\n  })\n  .returns('data.authUser.token');",
          "err": {},
          "uuid": "0e60a6ef-0f84-45ed-8849-d14664e15357",
          "parentUUID": "f7cd6b06-5200-4226-b668-4d3a28bd06fb",
          "isHook": true,
          "skipped": false
        }
      ],
      "afterHooks": [],
      "tests": [
        {
          "title": "API - deve autenticar o usuario corretamente",
          "fullTitle": "API - deve autenticar o usuario corretamente",
          "timedOut": false,
          "duration": 437,
          "state": "passed",
          "speed": "slow",
          "pass": true,
          "fail": false,
          "pending": false,
          "context": null,
          "code": "await spec()\n    .post('http://lojaebac.ebaconline.art.br/public/authUser')\n    .withJson({\n        \"email\": \"admin@admin.com\",\n        \"password\": \"admin123\"\n    })\n    .expectStatus(200)\n    .expectJson('success', true)",
          "err": {},
          "uuid": "a739ced4-dafd-4a85-b2be-2d60d197d79e",
          "parentUUID": "f7cd6b06-5200-4226-b668-4d3a28bd06fb",
          "isHook": false,
          "skipped": false
        },
        {
          "title": "API - listagem de usuários (contrato leve)",
          "fullTitle": "API - listagem de usuários (contrato leve)",
          "timedOut": false,
          "duration": 1261,
          "state": "passed",
          "speed": "slow",
          "pass": true,
          "fail": false,
          "pending": false,
          "context": null,
          "code": "await spec()\n  .get('/api/getUsers')\n  .withHeaders('Authorization', token)\n  .expectStatus(200)\n  // contrato \"leve\": não valida profile porque nem todo usuário tem profile preenchido\n  .expectJsonMatch({\n    users: eachLike({\n      _id: like('657b05fe31b986f1c0a7a053'),\n      email: like('cliente@ebac.art.br')\n    })\n  });",
          "err": {},
          "uuid": "6fff613e-e1b4-4b0c-b495-a6392227a409",
          "parentUUID": "f7cd6b06-5200-4226-b668-4d3a28bd06fb",
          "isHook": false,
          "skipped": false
        },
        {
          "title": "deve autenticar o usuário corretamente",
          "fullTitle": "deve autenticar o usuário corretamente",
          "timedOut": false,
          "duration": 431,
          "state": "passed",
          "speed": "slow",
          "pass": true,
          "fail": false,
          "pending": false,
          "context": null,
          "code": "await spec()\n    .post('http://lojaebac.ebaconline.art.br/graphql')\n    .withGraphQLQuery(`\n    mutation AuthUser($email: String, $password: String) {\n        authUser(email: $email, password: $password) {\n          success\n          token\n        }\n      }\n`)\n    .withGraphQLVariables({\n        \"email\": \"admin@admin.com\",\n        \"password\": \"admin123\"\n    })\n    .expectStatus(200)\n    .expectJson('data.authUser.success', true)",
          "err": {},
          "uuid": "7431c81f-afe3-4400-a18f-b172470c6e9d",
          "parentUUID": "f7cd6b06-5200-4226-b668-4d3a28bd06fb",
          "isHook": false,
          "skipped": false
        },
        {
          "title": "GraphQL - listagem de usuários (contrato leve)",
          "fullTitle": "GraphQL - listagem de usuários (contrato leve)",
          "timedOut": false,
          "duration": 661,
          "state": "passed",
          "speed": "slow",
          "pass": true,
          "fail": false,
          "pending": false,
          "context": null,
          "code": "await spec()\n  .post('http://lojaebac.ebaconline.art.br/graphql')\n  .withHeaders('Authorization', token)\n  // não pedimos profile para evitar nulos / objetos ausentes em alguns usuários\n  .withGraphQLQuery(`\n    query {\n      Users {\n        id\n        email\n      }\n    }\n  `)\n  .expectStatus(200)\n  .expectJsonMatch({\n    data: {\n      Users: eachLike({\n        id: like('657b05fe31b986f1c0a7a053'),\n        email: like('cliente@ebac.art.br')\n      })\n    }\n  });",
          "err": {},
          "uuid": "aa75d751-6423-4e7c-8186-46f0ac1e096d",
          "parentUUID": "f7cd6b06-5200-4226-b668-4d3a28bd06fb",
          "isHook": false,
          "skipped": false
        }
      ],
      "suites": [
        {
          "uuid": "188e591f-0c0b-4477-b2ef-813eeddd9ef9",
          "title": "Contrato - Categorias (REST)",
          "fullFile": "/home/runner/work/Tarefa-Mod24-EBAC/Tarefa-Mod24-EBAC/test/contract/categories.contract.test.js",
          "file": "/test/contract/categories.contract.test.js",
          "beforeHooks": [],
          "afterHooks": [],
          "tests": [
            {
              "title": "Deve respeitar o contrato do ADD (addCategory)",
              "fullTitle": "Contrato - Categorias (REST) Deve respeitar o contrato do ADD (addCategory)",
              "timedOut": false,
              "duration": 361,
              "state": "passed",
              "speed": "slow",
              "pass": true,
              "fail": false,
              "pending": false,
              "context": null,
              "code": "const name = `CatContrato_${Date.now()}`;\nconst categoryId = await spec()\n  .post('/api/addCategory')\n  .withHeaders('Authorization', token)\n  .withJson({ name, photo: image })\n  .expectStatus(200)\n  .expectJsonMatch({\n    // alguns ambientes retornam \"success\", outros retornam apenas \"message\" + \"data\"\n    message: like('category added'),\n    data: {\n      _id: like('657b05fe31b986f1c0a7a053'),\n      name: like(name)\n      // photo pode variar (string ou array), então não travamos aqui\n    }\n  })\n  .returns('data._id');\nawait spec()\n  .delete(`/api/deleteCategory/${categoryId}`)\n  .withHeaders('Authorization', token)\n  .expectStatus(200);",
              "err": {},
              "uuid": "2c60267f-f3c0-4eb2-b7a6-644578996947",
              "parentUUID": "188e591f-0c0b-4477-b2ef-813eeddd9ef9",
              "isHook": false,
              "skipped": false
            }
          ],
          "suites": [],
          "passes": [
            "2c60267f-f3c0-4eb2-b7a6-644578996947"
          ],
          "failures": [],
          "pending": [],
          "skipped": [],
          "duration": 361,
          "root": false,
          "rootEmpty": false,
          "_timeout": 60000
        },
        {
          "uuid": "98bda85e-b91b-4a12-bb0d-126263538962",
          "title": "Contrato - Login (opcional)",
          "fullFile": "/home/runner/work/Tarefa-Mod24-EBAC/Tarefa-Mod24-EBAC/test/contract/loginConsumer.test.js",
          "file": "/test/contract/loginConsumer.test.js",
          "beforeHooks": [],
          "afterHooks": [],
          "tests": [
            {
              "title": "placeholder",
              "fullTitle": "Contrato - Login (opcional) placeholder",
              "timedOut": false,
              "duration": 0,
              "state": "pending",
              "speed": null,
              "pass": false,
              "fail": false,
              "pending": true,
              "context": null,
              "code": "",
              "err": {},
              "uuid": "6b1a0ecf-38c4-4b7e-95cd-21f618324cd6",
              "parentUUID": "98bda85e-b91b-4a12-bb0d-126263538962",
              "isHook": false,
              "skipped": false
            }
          ],
          "suites": [],
          "passes": [],
          "failures": [],
          "pending": [
            "6b1a0ecf-38c4-4b7e-95cd-21f618324cd6"
          ],
          "skipped": [],
          "duration": 0,
          "root": false,
          "rootEmpty": false,
          "_timeout": 60000
        },
        {
          "uuid": "abdc01fe-e40b-488d-ab9b-cd5075cf1148",
          "title": "Contrato - Provider Login (opcional)",
          "fullFile": "/home/runner/work/Tarefa-Mod24-EBAC/Tarefa-Mod24-EBAC/test/contract/loginProvider.test.js",
          "file": "/test/contract/loginProvider.test.js",
          "beforeHooks": [],
          "afterHooks": [],
          "tests": [
            {
              "title": "placeholder",
              "fullTitle": "Contrato - Provider Login (opcional) placeholder",
              "timedOut": false,
              "duration": 0,
              "state": "pending",
              "speed": null,
              "pass": false,
              "fail": false,
              "pending": true,
              "context": null,
              "code": "",
              "err": {},
              "uuid": "1963a8b9-ba45-4ea8-b9fd-784750a1e0c6",
              "parentUUID": "abdc01fe-e40b-488d-ab9b-cd5075cf1148",
              "isHook": false,
              "skipped": false
            }
          ],
          "suites": [],
          "passes": [],
          "failures": [],
          "pending": [
            "1963a8b9-ba45-4ea8-b9fd-784750a1e0c6"
          ],
          "skipped": [],
          "duration": 0,
          "root": false,
          "rootEmpty": false,
          "_timeout": 60000
        },
        {
          "uuid": "263b78e3-2db2-4e4b-9b82-b8cdcd8cb9ac",
          "title": "Contrato - Produtos (REST)",
          "fullFile": "/home/runner/work/Tarefa-Mod24-EBAC/Tarefa-Mod24-EBAC/test/contract/products.contract.test.js",
          "file": "/test/contract/products.contract.test.js",
          "beforeHooks": [],
          "afterHooks": [],
          "tests": [
            {
              "title": "Deve respeitar o contrato do ADD (addProduct)",
              "fullTitle": "Contrato - Produtos (REST) Deve respeitar o contrato do ADD (addProduct)",
              "timedOut": false,
              "duration": 480,
              "state": "passed",
              "speed": "slow",
              "pass": true,
              "fail": false,
              "pending": false,
              "context": null,
              "code": "const name = `ProdContrato_${Date.now()}`;\nconst productId = await spec()\n  .post('/api/addProduct')\n  .withHeaders('Authorization', token)\n  .withJson({\n    name,\n    price: 99.9,\n    quantity: 2,\n    categories: [],\n    description: 'Produto criado no contrato',\n    photos: [photoUrl],\n    visible: true,\n    location: 'SP, SP'\n  })\n  .expectStatus(200)\n  .expectJsonMatch({\n    message: like('product added'),\n    data: {\n      _id: like('657b05fe31b986f1c0a7a053'),\n      name: like(name),\n      price: like(99.9)\n    }\n  })\n  .returns('data._id');\nawait spec()\n  .delete(`/api/deleteProduct/${productId}`)\n  .withHeaders('Authorization', token)\n  .expectStatus(200);",
              "err": {},
              "uuid": "c8497f4c-f1df-4aac-9f53-f54f61857378",
              "parentUUID": "263b78e3-2db2-4e4b-9b82-b8cdcd8cb9ac",
              "isHook": false,
              "skipped": false
            }
          ],
          "suites": [],
          "passes": [
            "c8497f4c-f1df-4aac-9f53-f54f61857378"
          ],
          "failures": [],
          "pending": [],
          "skipped": [],
          "duration": 480,
          "root": false,
          "rootEmpty": false,
          "_timeout": 60000
        },
        {
          "uuid": "d49d96d8-2142-4ab7-97dc-7b01c48c3aad",
          "title": "Categorias (REST com Pactum)",
          "fullFile": "/home/runner/work/Tarefa-Mod24-EBAC/Tarefa-Mod24-EBAC/test/graphql/categories.test.js",
          "file": "/test/graphql/categories.test.js",
          "beforeHooks": [],
          "afterHooks": [],
          "tests": [
            {
              "title": "API - Deve listar as categorias (contrato leve)",
              "fullTitle": "Categorias (REST com Pactum) API - Deve listar as categorias (contrato leve)",
              "timedOut": false,
              "duration": 972,
              "state": "passed",
              "speed": "slow",
              "pass": true,
              "fail": false,
              "pending": false,
              "context": null,
              "code": "await spec()\n  .get('/public/getCategories')\n  .expectStatus(200)\n  // contrato leve: alguns registros podem não ter photo, então validamos só _id e name\n  .expectJsonMatch({\n    categories: eachLike({\n      _id: like('657b05fe31b986f1c0a7a053'),\n      name: like('Guitarra')\n    })\n  });",
              "err": {},
              "uuid": "1a689f23-afd0-42e2-b1c2-b6ed37f5e39b",
              "parentUUID": "d49d96d8-2142-4ab7-97dc-7b01c48c3aad",
              "isHook": false,
              "skipped": false
            },
            {
              "title": "API - Deve criar, editar e deletar uma categoria (fluxo completo)",
              "fullTitle": "Categorias (REST com Pactum) API - Deve criar, editar e deletar uma categoria (fluxo completo)",
              "timedOut": false,
              "duration": 543,
              "state": "passed",
              "speed": "slow",
              "pass": true,
              "fail": false,
              "pending": false,
              "context": null,
              "code": "const name = `Cat_${Date.now()}`;\n// CREATE\nconst categoryId = await spec()\n  .post('/api/addCategory')\n  .withHeaders('Authorization', token)\n  .withJson({ name, photo: image })\n  .expectStatus(200)\n  .expectJsonMatch('data', {\n    _id: like('657b05fe31b986f1c0a7a053'),\n    name: like(name)\n  })\n  .returns('data._id');\n// EDIT\nconst nameEdit = `${name}_EDIT`;\nawait spec()\n  .put(`/api/editCategory/${categoryId}`)\n  .withHeaders('Authorization', token)\n  .withJson({ name: nameEdit, photo: image })\n  .expectStatus(200)\n  .expectJsonMatch('success', true)\n  .expectJsonMatch('message', like('category updated'));\n// DELETE\nawait spec()\n  .delete(`/api/deleteCategory/${categoryId}`)\n  .withHeaders('Authorization', token)\n  .expectStatus(200);",
              "err": {},
              "uuid": "4ed57a16-586e-459c-ad65-1dcd4140cefe",
              "parentUUID": "d49d96d8-2142-4ab7-97dc-7b01c48c3aad",
              "isHook": false,
              "skipped": false
            }
          ],
          "suites": [],
          "passes": [
            "1a689f23-afd0-42e2-b1c2-b6ed37f5e39b",
            "4ed57a16-586e-459c-ad65-1dcd4140cefe"
          ],
          "failures": [],
          "pending": [],
          "skipped": [],
          "duration": 1515,
          "root": false,
          "rootEmpty": false,
          "_timeout": 60000
        },
        {
          "uuid": "4a81dda1-ec85-44b6-99b1-bf04b102405b",
          "title": "Produtos (REST com Pactum)",
          "fullFile": "/home/runner/work/Tarefa-Mod24-EBAC/Tarefa-Mod24-EBAC/test/graphql/products.test.js",
          "file": "/test/graphql/products.test.js",
          "beforeHooks": [],
          "afterHooks": [],
          "tests": [
            {
              "title": "API + Contrato - Deve listar os produtos (contrato leve)",
              "fullTitle": "Produtos (REST com Pactum) API + Contrato - Deve listar os produtos (contrato leve)",
              "timedOut": false,
              "duration": 1077,
              "state": "passed",
              "speed": "slow",
              "pass": true,
              "fail": false,
              "pending": false,
              "context": null,
              "code": "await spec()\n  .get('/public/getProducts')\n  .expectStatus(200)\n  // contrato leve: existem produtos legados incompletos (ex.: name null), então validamos só o _id\n  .expectJsonMatch({\n    products: eachLike({\n      _id: like('657b05fe31b986f1c0a7a053')\n    })\n  });",
              "err": {},
              "uuid": "ab5f83f0-11aa-45b2-8f3e-e4b7696bef21",
              "parentUUID": "4a81dda1-ec85-44b6-99b1-bf04b102405b",
              "isHook": false,
              "skipped": false
            },
            {
              "title": "API - Deve criar, editar e deletar um produto (fluxo completo)",
              "fullTitle": "Produtos (REST com Pactum) API - Deve criar, editar e deletar um produto (fluxo completo)",
              "timedOut": false,
              "duration": 784,
              "state": "passed",
              "speed": "slow",
              "pass": true,
              "fail": false,
              "pending": false,
              "context": null,
              "code": "const name = `Prod_${Date.now()}`;\n// CREATE\nconst productId = await spec()\n  .post('/api/addProduct')\n  .withHeaders('Authorization', token)\n  .withJson({\n    name,\n    price: 1327.0,\n    quantity: 3,\n    categories: [],\n    description: 'Produto criado pelo teste automatizado',\n    photos: [photoUrl],\n    visible: true,\n    location: 'SP, SP'\n  })\n  .expectStatus(200)\n  .expectJsonMatch('data', {\n    _id: like('657b05fe31b986f1c0a7a053'),\n    name: like(name),\n    price: like(1327.0)\n  })\n  .returns('data._id');\n// EDIT\nconst nameEdit = `${name}_EDIT`;\nawait spec()\n  .put(`/api/editProduct/${productId}`)\n  .withHeaders('Authorization', token)\n  .withJson({\n    name: nameEdit,\n    price: 5500.0,\n    quantity: 1,\n    categories: [],\n    description: 'Produto editado pelo teste automatizado',\n    photos: [photoUrl],\n    visible: true,\n    location: 'SP, SP'\n  })\n  .expectStatus(200)\n  .expectJsonMatch('success', true)\n  .expectJsonMatch('message', like('product updated'));\n// DELETE\nawait spec()\n  .delete(`/api/deleteProduct/${productId}`)\n  .withHeaders('Authorization', token)\n  .expectStatus(200);",
              "err": {},
              "uuid": "d0cc6449-7a94-4106-9e18-b91dc2e4a663",
              "parentUUID": "4a81dda1-ec85-44b6-99b1-bf04b102405b",
              "isHook": false,
              "skipped": false
            }
          ],
          "suites": [],
          "passes": [
            "ab5f83f0-11aa-45b2-8f3e-e4b7696bef21",
            "d0cc6449-7a94-4106-9e18-b91dc2e4a663"
          ],
          "failures": [],
          "pending": [],
          "skipped": [],
          "duration": 1861,
          "root": false,
          "rootEmpty": false,
          "_timeout": 60000
        }
      ],
      "passes": [
        "a739ced4-dafd-4a85-b2be-2d60d197d79e",
        "6fff613e-e1b4-4b0c-b495-a6392227a409",
        "7431c81f-afe3-4400-a18f-b172470c6e9d",
        "aa75d751-6423-4e7c-8186-46f0ac1e096d"
      ],
      "failures": [],
      "pending": [],
      "skipped": [],
      "duration": 2790,
      "root": true,
      "rootEmpty": false,
      "_timeout": 60000
    }
  ],
  "meta": {
    "mocha": {
      "version": "10.3.0"
    },
    "mochawesome": {
      "options": {
        "quiet": true,
        "reportFilename": "mochawesome",
        "saveHtml": true,
        "saveJson": true,
        "consoleReporter": "spec",
        "useInlineDiffs": false,
        "code": true
      },
      "version": "7.1.4"
    },
    "marge": {
      "options": {
        "reportDir": "reports",
        "reportFilename": "mochawesome",
        "html": "true",
        "json": "true",
        "quiet": "true"
      },
      "version": "6.3.2"
    }
  }
}