{
  "stats": {
    "suites": 6,
    "tests": 12,
    "passes": 10,
    "pending": 2,
    "failures": 0,
    "start": "2026-02-20T04:21:46.243Z",
    "end": "2026-02-20T04:22:18.278Z",
    "duration": 32035,
    "testsRegistered": 12,
    "passPercent": 100,
    "pendingPercent": 16.666666666666664,
    "other": 0,
    "hasOther": false,
    "skipped": 0,
    "hasSkipped": false
  },
  "results": [
    {
      "uuid": "a6cfd321-4a4a-48f8-ab0d-1c5d5049ee6e",
      "title": "",
      "fullFile": "",
      "file": "",
      "beforeHooks": [
        {
          "title": "\"before each\" hook in \"{root}\"",
          "fullTitle": "\"before each\" hook in \"{root}\"",
          "timedOut": false,
          "duration": 402,
          "state": null,
          "speed": null,
          "pass": false,
          "fail": false,
          "pending": false,
          "context": null,
          "code": "token = await spec()\n  .post('/public/authUser')\n  .withJson({\n    email: 'admin@admin.com',\n    password: 'admin123'\n  })\n  .returns('data.token');",
          "err": {},
          "uuid": "e9916311-abd9-46c1-975c-16a2df1f3a20",
          "parentUUID": "a6cfd321-4a4a-48f8-ab0d-1c5d5049ee6e",
          "isHook": true,
          "skipped": false
        },
        {
          "title": "\"before each\" hook in \"{root}\"",
          "fullTitle": "\"before each\" hook in \"{root}\"",
          "timedOut": false,
          "duration": 397,
          "state": null,
          "speed": null,
          "pass": false,
          "fail": false,
          "pending": false,
          "context": null,
          "code": "token = await spec()\n  .post('/public/authUser')\n  .withJson({ email: 'admin@admin.com', password: 'admin123' })\n  .returns('data.token');",
          "err": {},
          "uuid": "680628e2-bce4-4865-b928-5c75395f206a",
          "parentUUID": "a6cfd321-4a4a-48f8-ab0d-1c5d5049ee6e",
          "isHook": true,
          "skipped": false
        },
        {
          "title": "\"before each\" hook in \"{root}\"",
          "fullTitle": "\"before each\" hook in \"{root}\"",
          "timedOut": false,
          "duration": 403,
          "state": null,
          "speed": null,
          "pass": false,
          "fail": false,
          "pending": false,
          "context": null,
          "code": "token = await spec()\n  .post('/public/authUser')\n  .withJson({ email: 'admin@admin.com', password: 'admin123' })\n  .returns('data.token');",
          "err": {},
          "uuid": "e4d4a4ac-3731-4907-b7aa-360927569736",
          "parentUUID": "a6cfd321-4a4a-48f8-ab0d-1c5d5049ee6e",
          "isHook": true,
          "skipped": false
        },
        {
          "title": "\"before each\" hook in \"{root}\"",
          "fullTitle": "\"before each\" hook in \"{root}\"",
          "timedOut": false,
          "duration": 404,
          "state": null,
          "speed": null,
          "pass": false,
          "fail": false,
          "pending": false,
          "context": null,
          "code": "token = await spec()\n  .post('/public/authUser')\n  .withJson({\n    email: 'admin@admin.com',\n    password: 'admin123'\n  })\n  .returns('data.token');",
          "err": {},
          "uuid": "3176631b-3349-4b74-9e11-899e6b6368fc",
          "parentUUID": "a6cfd321-4a4a-48f8-ab0d-1c5d5049ee6e",
          "isHook": true,
          "skipped": false
        },
        {
          "title": "\"before each\" hook in \"{root}\"",
          "fullTitle": "\"before each\" hook in \"{root}\"",
          "timedOut": false,
          "duration": 402,
          "state": null,
          "speed": null,
          "pass": false,
          "fail": false,
          "pending": false,
          "context": null,
          "code": "token = await spec()\n  .post('/public/authUser')\n  .withJson({\n    email: 'admin@admin.com',\n    password: 'admin123'\n  })\n  .returns('data.token');",
          "err": {},
          "uuid": "4d61bb0a-5129-4fd1-a476-7fdc786dce8a",
          "parentUUID": "a6cfd321-4a4a-48f8-ab0d-1c5d5049ee6e",
          "isHook": true,
          "skipped": false
        },
        {
          "title": "\"before each\" hook in \"{root}\"",
          "fullTitle": "\"before each\" hook in \"{root}\"",
          "timedOut": false,
          "duration": 398,
          "state": null,
          "speed": null,
          "pass": false,
          "fail": false,
          "pending": false,
          "context": null,
          "code": "token = await spec()\n  .post('http://lojaebac.ebaconline.art.br/graphql')\n  .withGraphQLQuery(`\n    mutation AuthUser($email: String, $password: String) {\n      authUser(email: $email, password: $password) {\n        success\n        token\n      }\n    }\n  `)\n  .withGraphQLVariables({\n    email: 'admin@admin.com',\n    password: 'admin123'\n  })\n  .returns('data.authUser.token');",
          "err": {},
          "uuid": "b674b605-92ff-4f17-b511-94afced5d001",
          "parentUUID": "a6cfd321-4a4a-48f8-ab0d-1c5d5049ee6e",
          "isHook": true,
          "skipped": false
        }
      ],
      "afterHooks": [],
      "tests": [
        {
          "title": "API - deve autenticar o usuario corretamente",
          "fullTitle": "API - deve autenticar o usuario corretamente",
          "timedOut": false,
          "duration": 399,
          "state": "passed",
          "speed": "slow",
          "pass": true,
          "fail": false,
          "pending": false,
          "context": null,
          "code": "await spec()\n    .post('http://lojaebac.ebaconline.art.br/public/authUser')\n    .withJson({\n        \"email\": \"admin@admin.com\",\n        \"password\": \"admin123\"\n    })\n    .expectStatus(200)\n    .expectJson('success', true)",
          "err": {},
          "uuid": "142b1996-6f50-4ed7-83ec-fd0158564c02",
          "parentUUID": "a6cfd321-4a4a-48f8-ab0d-1c5d5049ee6e",
          "isHook": false,
          "skipped": false
        },
        {
          "title": "API - listagem de usuários (contrato leve)",
          "fullTitle": "API - listagem de usuários (contrato leve)",
          "timedOut": false,
          "duration": 1130,
          "state": "passed",
          "speed": "slow",
          "pass": true,
          "fail": false,
          "pending": false,
          "context": null,
          "code": "await spec()\n  .get('/api/getUsers')\n  .withHeaders('Authorization', token)\n  .expectStatus(200)\n  // contrato \"leve\": não valida profile porque nem todo usuário tem profile preenchido\n  .expectJsonMatch({\n    users: eachLike({\n      _id: like('657b05fe31b986f1c0a7a053'),\n      email: like('cliente@ebac.art.br')\n    })\n  });",
          "err": {},
          "uuid": "aa13f268-dae0-4eca-a97e-5473941919a5",
          "parentUUID": "a6cfd321-4a4a-48f8-ab0d-1c5d5049ee6e",
          "isHook": false,
          "skipped": false
        },
        {
          "title": "deve autenticar o usuário corretamente",
          "fullTitle": "deve autenticar o usuário corretamente",
          "timedOut": false,
          "duration": 396,
          "state": "passed",
          "speed": "slow",
          "pass": true,
          "fail": false,
          "pending": false,
          "context": null,
          "code": "await spec()\n    .post('http://lojaebac.ebaconline.art.br/graphql')\n    .withGraphQLQuery(`\n    mutation AuthUser($email: String, $password: String) {\n        authUser(email: $email, password: $password) {\n          success\n          token\n        }\n      }\n`)\n    .withGraphQLVariables({\n        \"email\": \"admin@admin.com\",\n        \"password\": \"admin123\"\n    })\n    .expectStatus(200)\n    .expectJson('data.authUser.success', true)",
          "err": {},
          "uuid": "0cf7df66-e6d5-4c0f-bbd7-43e0e0eb2af9",
          "parentUUID": "a6cfd321-4a4a-48f8-ab0d-1c5d5049ee6e",
          "isHook": false,
          "skipped": false
        },
        {
          "title": "GraphQL - listagem de usuários (contrato leve)",
          "fullTitle": "GraphQL - listagem de usuários (contrato leve)",
          "timedOut": false,
          "duration": 762,
          "state": "passed",
          "speed": "slow",
          "pass": true,
          "fail": false,
          "pending": false,
          "context": null,
          "code": "await spec()\n  .post('http://lojaebac.ebaconline.art.br/graphql')\n  .withHeaders('Authorization', token)\n  // não pedimos profile para evitar nulos / objetos ausentes em alguns usuários\n  .withGraphQLQuery(`\n    query {\n      Users {\n        id\n        email\n      }\n    }\n  `)\n  .expectStatus(200)\n  .expectJsonMatch({\n    data: {\n      Users: eachLike({\n        id: like('657b05fe31b986f1c0a7a053'),\n        email: like('cliente@ebac.art.br')\n      })\n    }\n  });",
          "err": {},
          "uuid": "048ee561-97f2-49fd-b61b-a640d4e39a2b",
          "parentUUID": "a6cfd321-4a4a-48f8-ab0d-1c5d5049ee6e",
          "isHook": false,
          "skipped": false
        }
      ],
      "suites": [
        {
          "uuid": "f9fa3231-34d5-4070-a10a-c0f9d8395ba4",
          "title": "Contrato - Categorias (REST)",
          "fullFile": "/home/runner/work/Tarefa-Mod24-EBAC/Tarefa-Mod24-EBAC/test/contract/categories.contract.test.js",
          "file": "/test/contract/categories.contract.test.js",
          "beforeHooks": [],
          "afterHooks": [],
          "tests": [
            {
              "title": "Deve respeitar o contrato do ADD (addCategory)",
              "fullTitle": "Contrato - Categorias (REST) Deve respeitar o contrato do ADD (addCategory)",
              "timedOut": false,
              "duration": 346,
              "state": "passed",
              "speed": "slow",
              "pass": true,
              "fail": false,
              "pending": false,
              "context": null,
              "code": "const name = `CatContrato_${Date.now()}`;\nconst categoryId = await spec()\n  .post('/api/addCategory')\n  .withHeaders('Authorization', token)\n  .withJson({ name, photo: image })\n  .expectStatus(200)\n  .expectJsonMatch({\n    // alguns ambientes retornam \"success\", outros retornam apenas \"message\" + \"data\"\n    message: like('category added'),\n    data: {\n      _id: like('657b05fe31b986f1c0a7a053'),\n      name: like(name)\n      // photo pode variar (string ou array), então não travamos aqui\n    }\n  })\n  .returns('data._id');\nawait spec()\n  .delete(`/api/deleteCategory/${categoryId}`)\n  .withHeaders('Authorization', token)\n  .expectStatus(200);",
              "err": {},
              "uuid": "bdcc012a-0817-47e3-a85a-c3781c227d05",
              "parentUUID": "f9fa3231-34d5-4070-a10a-c0f9d8395ba4",
              "isHook": false,
              "skipped": false
            }
          ],
          "suites": [],
          "passes": [
            "bdcc012a-0817-47e3-a85a-c3781c227d05"
          ],
          "failures": [],
          "pending": [],
          "skipped": [],
          "duration": 346,
          "root": false,
          "rootEmpty": false,
          "_timeout": 60000
        },
        {
          "uuid": "6dee15fc-937a-4630-83b7-67491bfa07ec",
          "title": "Contrato - Login (opcional)",
          "fullFile": "/home/runner/work/Tarefa-Mod24-EBAC/Tarefa-Mod24-EBAC/test/contract/loginConsumer.test.js",
          "file": "/test/contract/loginConsumer.test.js",
          "beforeHooks": [],
          "afterHooks": [],
          "tests": [
            {
              "title": "placeholder",
              "fullTitle": "Contrato - Login (opcional) placeholder",
              "timedOut": false,
              "duration": 0,
              "state": "pending",
              "speed": null,
              "pass": false,
              "fail": false,
              "pending": true,
              "context": null,
              "code": "",
              "err": {},
              "uuid": "6ef67bd2-97f9-4c8e-828c-bf683b5424fd",
              "parentUUID": "6dee15fc-937a-4630-83b7-67491bfa07ec",
              "isHook": false,
              "skipped": false
            }
          ],
          "suites": [],
          "passes": [],
          "failures": [],
          "pending": [
            "6ef67bd2-97f9-4c8e-828c-bf683b5424fd"
          ],
          "skipped": [],
          "duration": 0,
          "root": false,
          "rootEmpty": false,
          "_timeout": 60000
        },
        {
          "uuid": "d4f4cbc8-9d78-4cbe-8f13-17053af77be0",
          "title": "Contrato - Provider Login (opcional)",
          "fullFile": "/home/runner/work/Tarefa-Mod24-EBAC/Tarefa-Mod24-EBAC/test/contract/loginProvider.test.js",
          "file": "/test/contract/loginProvider.test.js",
          "beforeHooks": [],
          "afterHooks": [],
          "tests": [
            {
              "title": "placeholder",
              "fullTitle": "Contrato - Provider Login (opcional) placeholder",
              "timedOut": false,
              "duration": 0,
              "state": "pending",
              "speed": null,
              "pass": false,
              "fail": false,
              "pending": true,
              "context": null,
              "code": "",
              "err": {},
              "uuid": "185cdf7c-b735-4fe2-a56c-7e7c12b4836f",
              "parentUUID": "d4f4cbc8-9d78-4cbe-8f13-17053af77be0",
              "isHook": false,
              "skipped": false
            }
          ],
          "suites": [],
          "passes": [],
          "failures": [],
          "pending": [
            "185cdf7c-b735-4fe2-a56c-7e7c12b4836f"
          ],
          "skipped": [],
          "duration": 0,
          "root": false,
          "rootEmpty": false,
          "_timeout": 60000
        },
        {
          "uuid": "89a60e02-4e26-4b1b-9fc7-f6e734588338",
          "title": "Contrato - Produtos (REST)",
          "fullFile": "/home/runner/work/Tarefa-Mod24-EBAC/Tarefa-Mod24-EBAC/test/contract/products.contract.test.js",
          "file": "/test/contract/products.contract.test.js",
          "beforeHooks": [],
          "afterHooks": [],
          "tests": [
            {
              "title": "Deve respeitar o contrato do ADD (addProduct)",
              "fullTitle": "Contrato - Produtos (REST) Deve respeitar o contrato do ADD (addProduct)",
              "timedOut": false,
              "duration": 464,
              "state": "passed",
              "speed": "slow",
              "pass": true,
              "fail": false,
              "pending": false,
              "context": null,
              "code": "const name = `ProdContrato_${Date.now()}`;\nconst productId = await spec()\n  .post('/api/addProduct')\n  .withHeaders('Authorization', token)\n  .withJson({\n    name,\n    price: 99.9,\n    quantity: 2,\n    categories: [],\n    description: 'Produto criado no contrato',\n    photos: [photoUrl],\n    visible: true,\n    location: 'SP, SP'\n  })\n  .expectStatus(200)\n  .expectJsonMatch({\n    message: like('product added'),\n    data: {\n      _id: like('657b05fe31b986f1c0a7a053'),\n      name: like(name),\n      price: like(99.9)\n    }\n  })\n  .returns('data._id');\nawait spec()\n  .delete(`/api/deleteProduct/${productId}`)\n  .withHeaders('Authorization', token)\n  .expectStatus(200);",
              "err": {},
              "uuid": "2ec0420e-c9a0-47e6-b78d-dd414654a98b",
              "parentUUID": "89a60e02-4e26-4b1b-9fc7-f6e734588338",
              "isHook": false,
              "skipped": false
            }
          ],
          "suites": [],
          "passes": [
            "2ec0420e-c9a0-47e6-b78d-dd414654a98b"
          ],
          "failures": [],
          "pending": [],
          "skipped": [],
          "duration": 464,
          "root": false,
          "rootEmpty": false,
          "_timeout": 60000
        },
        {
          "uuid": "b711031a-55d1-4e09-880c-70969d9cc95a",
          "title": "Categorias (REST com Pactum)",
          "fullFile": "/home/runner/work/Tarefa-Mod24-EBAC/Tarefa-Mod24-EBAC/test/graphql/categories.test.js",
          "file": "/test/graphql/categories.test.js",
          "beforeHooks": [],
          "afterHooks": [],
          "tests": [
            {
              "title": "API - Deve listar as categorias (contrato leve)",
              "fullTitle": "Categorias (REST com Pactum) API - Deve listar as categorias (contrato leve)",
              "timedOut": false,
              "duration": 958,
              "state": "passed",
              "speed": "slow",
              "pass": true,
              "fail": false,
              "pending": false,
              "context": null,
              "code": "await spec()\n  .get('/public/getCategories')\n  .expectStatus(200)\n  // contrato leve: alguns registros podem não ter photo, então validamos só _id e name\n  .expectJsonMatch({\n    categories: eachLike({\n      _id: like('657b05fe31b986f1c0a7a053'),\n      name: like('Guitarra')\n    })\n  });",
              "err": {},
              "uuid": "5d00d52a-e826-4be8-8d44-5bc8e43878be",
              "parentUUID": "b711031a-55d1-4e09-880c-70969d9cc95a",
              "isHook": false,
              "skipped": false
            },
            {
              "title": "API - Deve criar, editar e deletar uma categoria (fluxo completo)",
              "fullTitle": "Categorias (REST com Pactum) API - Deve criar, editar e deletar uma categoria (fluxo completo)",
              "timedOut": false,
              "duration": 492,
              "state": "passed",
              "speed": "slow",
              "pass": true,
              "fail": false,
              "pending": false,
              "context": null,
              "code": "const name = `Cat_${Date.now()}`;\n// CREATE\nconst categoryId = await spec()\n  .post('/api/addCategory')\n  .withHeaders('Authorization', token)\n  .withJson({ name, photo: image })\n  .expectStatus(200)\n  .expectJsonMatch('data', {\n    _id: like('657b05fe31b986f1c0a7a053'),\n    name: like(name)\n  })\n  .returns('data._id');\n// EDIT\nconst nameEdit = `${name}_EDIT`;\nawait spec()\n  .put(`/api/editCategory/${categoryId}`)\n  .withHeaders('Authorization', token)\n  .withJson({ name: nameEdit, photo: image })\n  .expectStatus(200)\n  .expectJsonMatch('success', true)\n  .expectJsonMatch('message', like('category updated'));\n// DELETE\nawait spec()\n  .delete(`/api/deleteCategory/${categoryId}`)\n  .withHeaders('Authorization', token)\n  .expectStatus(200);",
              "err": {},
              "uuid": "7cb11060-e1be-4224-af3d-7498e97d8359",
              "parentUUID": "b711031a-55d1-4e09-880c-70969d9cc95a",
              "isHook": false,
              "skipped": false
            }
          ],
          "suites": [],
          "passes": [
            "5d00d52a-e826-4be8-8d44-5bc8e43878be",
            "7cb11060-e1be-4224-af3d-7498e97d8359"
          ],
          "failures": [],
          "pending": [],
          "skipped": [],
          "duration": 1450,
          "root": false,
          "rootEmpty": false,
          "_timeout": 60000
        },
        {
          "uuid": "d71c21ac-edc5-450e-9052-72a20b44359f",
          "title": "Produtos (REST com Pactum)",
          "fullFile": "/home/runner/work/Tarefa-Mod24-EBAC/Tarefa-Mod24-EBAC/test/graphql/products.test.js",
          "file": "/test/graphql/products.test.js",
          "beforeHooks": [],
          "afterHooks": [],
          "tests": [
            {
              "title": "API + Contrato - Deve listar os produtos (contrato leve)",
              "fullTitle": "Produtos (REST com Pactum) API + Contrato - Deve listar os produtos (contrato leve)",
              "timedOut": false,
              "duration": 1022,
              "state": "passed",
              "speed": "slow",
              "pass": true,
              "fail": false,
              "pending": false,
              "context": null,
              "code": "await spec()\n  .get('/public/getProducts')\n  .expectStatus(200)\n  // contrato leve: existem produtos legados incompletos (ex.: name null), então validamos só o _id\n  .expectJsonMatch({\n    products: eachLike({\n      _id: like('657b05fe31b986f1c0a7a053')\n    })\n  });",
              "err": {},
              "uuid": "44355198-8762-4f07-954f-4551f4d03035",
              "parentUUID": "d71c21ac-edc5-450e-9052-72a20b44359f",
              "isHook": false,
              "skipped": false
            },
            {
              "title": "API - Deve criar, editar e deletar um produto (fluxo completo)",
              "fullTitle": "Produtos (REST com Pactum) API - Deve criar, editar e deletar um produto (fluxo completo)",
              "timedOut": false,
              "duration": 979,
              "state": "passed",
              "speed": "slow",
              "pass": true,
              "fail": false,
              "pending": false,
              "context": null,
              "code": "const name = `Prod_${Date.now()}`;\n// CREATE\nconst productId = await spec()\n  .post('/api/addProduct')\n  .withHeaders('Authorization', token)\n  .withJson({\n    name,\n    price: 1327.0,\n    quantity: 3,\n    categories: [],\n    description: 'Produto criado pelo teste automatizado',\n    photos: [photoUrl],\n    visible: true,\n    location: 'SP, SP'\n  })\n  .expectStatus(200)\n  .expectJsonMatch('data', {\n    _id: like('657b05fe31b986f1c0a7a053'),\n    name: like(name),\n    price: like(1327.0)\n  })\n  .returns('data._id');\n// EDIT\nconst nameEdit = `${name}_EDIT`;\nawait spec()\n  .put(`/api/editProduct/${productId}`)\n  .withHeaders('Authorization', token)\n  .withJson({\n    name: nameEdit,\n    price: 5500.0,\n    quantity: 1,\n    categories: [],\n    description: 'Produto editado pelo teste automatizado',\n    photos: [photoUrl],\n    visible: true,\n    location: 'SP, SP'\n  })\n  .expectStatus(200)\n  .expectJsonMatch('success', true)\n  .expectJsonMatch('message', like('product updated'));\n// DELETE\nawait spec()\n  .delete(`/api/deleteProduct/${productId}`)\n  .withHeaders('Authorization', token)\n  .expectStatus(200);",
              "err": {},
              "uuid": "a02b4706-66fd-423c-abb7-6729d1253e27",
              "parentUUID": "d71c21ac-edc5-450e-9052-72a20b44359f",
              "isHook": false,
              "skipped": false
            }
          ],
          "suites": [],
          "passes": [
            "44355198-8762-4f07-954f-4551f4d03035",
            "a02b4706-66fd-423c-abb7-6729d1253e27"
          ],
          "failures": [],
          "pending": [],
          "skipped": [],
          "duration": 2001,
          "root": false,
          "rootEmpty": false,
          "_timeout": 60000
        }
      ],
      "passes": [
        "142b1996-6f50-4ed7-83ec-fd0158564c02",
        "aa13f268-dae0-4eca-a97e-5473941919a5",
        "0cf7df66-e6d5-4c0f-bbd7-43e0e0eb2af9",
        "048ee561-97f2-49fd-b61b-a640d4e39a2b"
      ],
      "failures": [],
      "pending": [],
      "skipped": [],
      "duration": 2687,
      "root": true,
      "rootEmpty": false,
      "_timeout": 60000
    }
  ],
  "meta": {
    "mocha": {
      "version": "10.3.0"
    },
    "mochawesome": {
      "options": {
        "quiet": true,
        "reportFilename": "mochawesome",
        "saveHtml": true,
        "saveJson": true,
        "consoleReporter": "spec",
        "useInlineDiffs": false,
        "code": true
      },
      "version": "7.1.4"
    },
    "marge": {
      "options": {
        "reportDir": "reports",
        "reportFilename": "mochawesome",
        "html": "true",
        "json": "true",
        "quiet": "true"
      },
      "version": "6.3.2"
    }
  }
}